
$ [32mgit clone git@localhost:gocd/docs.go.cd .[0m
Cloning into '.'...
Warning: Permanently added 'localhost' (RSA) to the list of known hosts.
Command [32mgit clone git@localhost:gocd/docs.go.cd .[0m exited successfully with status 0.
Took 4.9 seconds.

$ [32mgit checkout release-16.4.0[0m
Switched to a new branch 'release-16.4.0'
Branch release-16.4.0 set up to track remote branch release-16.4.0 from origin.
Command [32mgit checkout release-16.4.0[0m exited successfully with status 0.
Took 0.04842 seconds.

$ [32mgit reset --hard cb57c5e544e7d179caa3d05f8748611d081c4b1b[0m
HEAD is now at cb57c5e Revert "Use aws cli to sync built files to s3."
Command [32mgit reset --hard cb57c5e544e7d179caa3d05f8748611d081c4b1b[0m exited successfully with status 0.
Took 0.1267 seconds.

$ [32mgit submodule update --init --recursive[0m
Command [32mgit submodule update --init --recursive[0m exited successfully with status 0.
Took 0.04977 seconds.

$ export SNAP_CI=true
$ export CI=true
$ export SNAP_CACHE_DIR=/var/go
$ export LANG=en_US.UTF-8
$ export LC_ALL=en_US.UTF-8
$ export SNAP_WORKING_DIR=/var/snap-ci/repo
$ export SNAP_PIPELINE_COUNTER=1
$ export SNAP_STAGE_NAME=Build
$ export SNAP_BRANCH=release-16.4.0
$ export SNAP_COMMIT=cb57c5e544e7d179caa3d05f8748611d081c4b1b
$ export SNAP_COMMIT_SHORT=cb57c5e
$ export SNAP_TRACKING_PIPELINE=true
$ export SNAP_INTEGRATION_PIPELINE=false

$ [32mif [ -f $HOME/.npmrc ]; then sed -e '/^prefix=/d' -i ~/.npmrc; fi[0m
Command [32mif [ -f $HOME/.npmrc ]; then sed -e '/^prefix=/d' -i ~/.npmrc; fi[0m exited successfully with status 0.
Took 0.00236 seconds.

$ [32mnvm install v4.4.3 2>/dev/null[0m
Now using node v4.4.3 (npm v2.15.1)
Command [32mnvm install v4.4.3 2>/dev/null[0m exited successfully with status 0.
Took 3.65 seconds.

$ [32mif [ -d ${SNAP_CACHE_DIR}/node_modules ]; then sudo mv -f ${SNAP_CACHE_DIR}/node_modules .; sudo chown -R --no-dereference go:go node_modules; fi[0m
Command [32mif [ -d ${SNAP_CACHE_DIR}/node_modules ]; then sudo mv -f ${SNAP_CACHE_DIR}/node_modules .; sudo chown -R --no-dereference go:go node_modules; fi[0m exited successfully with status 0.
Took 0.00192 seconds.

$ [32mrake build[0m
npm prune
npm install
npm WARN deprecated minimatch@0.2.14: Please update to minimatch 3.0.2 or higher to avoid a RegExp DoS issue
npm WARN deprecated graceful-fs@1.2.3: graceful-fs v3.0.0 and before will fail on node releases >= v7.0. Please update to graceful-fs@^4.0.0 as soon as possible. Use 'npm ls graceful-fs' to find it in the tree.
npm WARN deprecated minimatch@0.3.0: Please update to minimatch 3.0.2 or higher to avoid a RegExp DoS issue
grunt-cli@0.1.13 node_modules/grunt-cli
├── nopt@1.0.10 (abbrev@1.0.9)
├── resolve@0.3.1
└── findup-sync@0.1.3 (lodash@2.4.2, glob@3.2.11)

grunt@0.4.5 node_modules/grunt
├── eventemitter2@0.4.14
├── dateformat@1.0.2-1.2.3
├── which@1.0.9
├── getobject@0.1.0
├── async@0.1.22
├── colors@0.6.2
├── lodash@0.9.2
├── rimraf@2.2.8
├── hooker@0.2.3
├── grunt-legacy-util@0.2.0
├── exit@0.1.2
├── nopt@1.0.10 (abbrev@1.0.9)
├── coffee-script@1.3.3
├── iconv-lite@0.2.11
├── underscore.string@2.2.1
├── minimatch@0.2.14 (sigmund@1.0.1, lru-cache@2.7.3)
├── glob@3.1.21 (inherits@1.0.2, graceful-fs@1.2.3)
├── grunt-legacy-log@0.1.3 (grunt-legacy-log-utils@0.1.1, lodash@2.4.2, underscore.string@2.3.3)
├── findup-sync@0.1.3 (lodash@2.4.2, glob@3.2.11)
└── js-yaml@2.0.5 (esprima@1.0.4, argparse@0.1.16)

gitbook-cli@0.3.6 node_modules/gitbook-cli
├── bash-color@0.0.3
├── q@1.4.1
├── semver@5.0.1
├── user-home@2.0.0 (os-homedir@1.0.2)
├── commander@2.8.1 (graceful-readlink@1.0.1)
├── tmp@0.0.27 (os-tmpdir@1.0.2)
├── npmi@1.0.1 (semver@4.3.6)
├── optimist@0.6.1 (wordwrap@0.0.3, minimist@0.0.10)
├── fs-extra@0.24.0 (path-is-absolute@1.0.1, graceful-fs@4.1.11, jsonfile@2.4.0, rimraf@2.5.4)
├── lodash@3.10.1
└── npm@2.14.1

grunt-contrib-cssmin@0.13.0 node_modules/grunt-contrib-cssmin
├── chalk@1.1.3 (escape-string-regexp@1.0.5, supports-color@2.0.0, ansi-styles@2.2.1, has-ansi@2.0.0, strip-ansi@3.0.1)
├── clean-css@3.3.10 (commander@2.8.1, source-map@0.4.4)
└── maxmin@1.1.0 (figures@1.7.0, gzip-size@1.0.0, pretty-bytes@1.0.4)
npm run-script init-gitbook

> gocd-docs@1.0.0 init-gitbook /var/snap-ci/repo
> gitbook install

Installing GitBook 2.2.0
gitbook@2.2.0 ../../../tmp/tmp-3351xAPS0aezTXeL/node_modules/gitbook
├── bash-color@0.0.3
├── escape-string-regexp@1.0.3
├── nunjucks-filter@1.0.0
├── gitbook-plugin-livereload@0.0.1
├── nunjucks-autoescape@1.0.0
├── spawn-cmd@0.0.2
├── q@1.0.1
├── graceful-fs@3.0.5
├── URIjs@1.14.1
├── crc@3.2.1
├── tmp@0.0.24
├── semver@2.2.1
├── dom-serializer@0.1.0 (domelementtype@1.1.3, entities@1.1.1)
├── npmi@0.1.1 (semver@4.3.6)
├── resolve@0.6.3
├── send@0.2.0 (fresh@0.2.4, range-parser@1.0.3, mime@1.2.11, debug@2.6.0)
├── i18n@0.5.0 (sprintf@0.1.5, mustache@2.3.0, debug@2.6.0)
├── fs-extra@0.16.5 (jsonfile@2.4.0, rimraf@2.5.4)
├── request@2.51.0 (tunnel-agent@0.4.3, aws-sign2@0.5.0, forever-agent@0.5.2, caseless@0.8.0, oauth-sign@0.5.0, stringstream@0.0.5, json-stringify-safe@5.0.1, mime-types@1.0.2, qs@2.3.3, node-uuid@1.4.7, tough-cookie@2.3.2, combined-stream@0.0.7, http-signature@0.10.1, form-data@0.2.0, bl@0.9.5, hawk@1.1.1)
├── nunjucks@1.3.5-unreleased (asap@2.0.5, optimist@0.6.1)
├── tiny-lr@0.1.5 (parseurl@1.3.1, livereload-js@2.2.2, qs@2.2.5, debug@2.0.0, body-parser@1.8.4, faye-websocket@0.7.3)
├── lunr@0.5.7
├── fstream-ignore@1.0.2 (inherits@2.0.3, minimatch@2.0.10, fstream@1.0.10)
├── cheerio@0.19.0 (entities@1.1.1, css-select@1.0.0, htmlparser2@3.8.3)
├── highlight.js@8.6.0
├── lodash@3.5.0
├── gitbook-parsers@0.7.6 (q@1.4.1, gitbook-restructuredtext@0.2.3, gitbook-markdown@0.4.3, gitbook-asciidoc@0.2.3)
├── npm@2.4.1
└── chokidar@1.0.6 (path-is-absolute@1.0.1, arrify@1.0.1, is-glob@1.1.3, async-each@0.1.6, is-binary-path@1.0.1, glob-parent@1.3.0, readdirp@1.4.0, anymatch@1.3.0)
[0;36minfo:[0m 6 plugins to install 
[0;36minfo:[0m No version specified, resolve plugin anchors 
[0;36minfo:[0m install plugin anchors from npm (gitbook-plugin-anchors) with version 0.4.0 
gitbook-plugin-anchors@0.4.0 node_modules/gitbook-plugin-anchors
├── underscore@1.8.3
└── cheerio@0.22.0 (lodash.assignin@4.2.0, lodash.pick@4.4.0, lodash.flatten@4.4.0, lodash.foreach@4.5.0, lodash.defaults@4.2.0, lodash.bind@4.2.1, lodash.reduce@4.6.0, lodash.filter@4.6.0, lodash.map@4.6.0, lodash.some@4.6.0, lodash.reject@4.6.0, lodash.merge@4.6.0, dom-serializer@0.1.0, entities@1.1.1, css-select@1.2.0, htmlparser2@3.9.2)
[0;36minfo:[0m [0;32m>> [0mplugin anchors installed with success 
[0;36minfo:[0m No version specified, resolve plugin ga 
[0;36minfo:[0m install plugin ga from npm (gitbook-plugin-ga) with version 0.2.1 
gitbook-plugin-ga@0.2.1 node_modules/gitbook-plugin-ga
[0;36minfo:[0m [0;32m>> [0mplugin ga installed with success 
[0;36minfo:[0m No version specified, resolve plugin include 
[0;36minfo:[0m install plugin include from npm (gitbook-plugin-include) with version 0.1.0 
gitbook-plugin-include@0.1.0 node_modules/gitbook-plugin-include
└── q@1.4.1
[0;36minfo:[0m [0;32m>> [0mplugin include installed with success 
[0;36minfo:[0m No version specified, resolve plugin toc 
[0;36minfo:[0m install plugin toc from npm (gitbook-plugin-toc) with version 0.0.1 
gitbook-plugin-toc@0.0.1 node_modules/gitbook-plugin-toc
└── marked-toc@0.2.8 (marked@0.3.0, lodash@2.4.2, uslug@1.0.4, fs-utils@0.5.0, template@0.1.8, gray-matter@0.5.3)
[0;36minfo:[0m [0;32m>> [0mplugin toc installed with success 
[0;36minfo:[0m install plugin redirect from npm (gitbook-plugin-redirect) with version 0.0.7 
gitbook-plugin-redirect@0.0.7 node_modules/gitbook-plugin-redirect
└── valid-url@1.0.9
[0;36minfo:[0m [0;32m>> [0mplugin redirect installed with success 
[0;36minfo:[0m install plugin edit-link from npm (gitbook-plugin-edit-link) with version 1.1.0 
gitbook-plugin-edit-link@1.1.0 node_modules/gitbook-plugin-edit-link
[0;36minfo:[0m [0;32m>> [0mplugin edit-link installed with success 

[0;32mDone, without error[0m
npm run-script build

> gocd-docs@1.0.0 build /var/snap-ci/repo
> gitbook build .

[0;36minfo:[0m loading book configuration....[0;32mOK[0m 
[0;36minfo:[0m load plugin gitbook-plugin-anchors ....
[0;33mwarn:[0m Hook 'page 'used by plugin 'gitbook-plugin-anchors' has been removed or is deprecated 
[0;36minfo:[0m [0;32mOK[0m 
[0;36minfo:[0m load plugin gitbook-plugin-ga ....[0;32mOK[0m 
[0;36minfo:[0m load plugin gitbook-plugin-include ....
[0;33mwarn:[0m Hook 'page:before 'used by plugin 'gitbook-plugin-include' has been removed or is deprecated 
[0;36minfo:[0m [0;32mOK[0m 
[0;36minfo:[0m load plugin gitbook-plugin-toc ....
[0;33mwarn:[0m Hook 'page:before 'used by plugin 'gitbook-plugin-toc' has been removed or is deprecated 
[0;36minfo:[0m [0;32mOK[0m 
[0;36minfo:[0m load plugin gitbook-plugin-redirect ....
[0;33mwarn:[0m Hook 'page:before 'used by plugin 'gitbook-plugin-redirect' has been removed or is deprecated 
[0;36minfo:[0m [0;32mOK[0m 
[0;36minfo:[0m load plugin gitbook-plugin-edit-link ....
[0;33mwarn:[0m Hook 'page:after 'used by plugin 'gitbook-plugin-edit-link' has been removed or is deprecated 
[0;36minfo:[0m [0;32mOK[0m 
[0;36minfo:[0m [0;32m>> [0m6 plugins loaded 
[0;36minfo:[0m start generation with website generator 
[0;36minfo:[0m clean website generator[0;32mOK[0m 
[0;33mwarn:[0m hook 'page:before' used by plugin 'gitbook-plugin-include' is deprecated, and will be removed in the coming versions 
[0;33mwarn:[0m hook 'page:before' used by plugin 'gitbook-plugin-toc' is deprecated, and will be removed in the coming versions 
[0;33mwarn:[0m hook 'page:before' used by plugin 'gitbook-plugin-redirect' is deprecated, and will be removed in the coming versions 
[0;33mwarn:[0m hook 'page' used by plugin 'gitbook-plugin-anchors' is deprecated, and will be removed in the coming versions 
[0;33mwarn:[0m hook 'page:before' used by plugin 'gitbook-plugin-include' is deprecated, and will be removed in the coming versions 
[0;33mwarn:[0m hook 'page:before' used by plugin 'gitbook-plugin-toc' is deprecated, and will be removed in the coming versions 
[0;33mwarn:[0m hook 'page:before' used by plugin 'gitbook-plugin-redirect' is deprecated, and will be removed in the coming versions 
[0;33mwarn:[0m hook 'page' used by plugin 'gitbook-plugin-anchors' is deprecated, and will be removed in the coming versions 
[0;33mwarn:[0m hook 'page:before' used by plugin 'gitbook-plugin-include' is deprecated, and will be removed in the coming versions 
[0;33mwarn:[0m hook 'page:before' used by plugin 'gitbook-plugin-toc' is deprecated, and will be removed in the coming versions 
[0;33mwarn:[0m hook 'page:before' used by plugin 'gitbook-plugin-redirect' is deprecated, and will be removed in the coming versions 
[0;33mwarn:[0m hook 'page' used by plugin 'gitbook-plugin-anchors' is deprecated, and will be removed in the coming versions 
[0;33mwarn:[0m hook 'page:before' used by plugin 'gitbook-plugin-include' is deprecated, and will be removed in the coming versions 
[0;33mwarn:[0m hook 'page:before' used by plugin 'gitbook-plugin-toc' is deprecated, and will be removed in the coming versions 
[0;33mwarn:[0m hook 'page:before' used by plugin 'gitbook-plugin-redirect' is deprecated, and will be removed in the coming versions 
[0;33mwarn:[0m hook 'page' used by plugin 'gitbook-plugin-anchors' is deprecated, and will be removed in the coming versions 
[0;33mwarn:[0m hook 'page:before' used by plugin 'gitbook-plugin-include' is deprecated, and will be removed in the coming versions 
[0;33mwarn:[0m hook 'page:before' used by plugin 'gitbook-plugin-toc' is deprecated, and will be removed in the coming versions 
[0;33mwarn:[0m hook 'page:before' used by plugin 'gitbook-plugin-redirect' is deprecated, and will be removed in the coming versions 
[0;33mwarn:[0m hook 'page' used by plugin 'gitbook-plugin-anchors' is deprecated, and will be removed in the coming versions 
[0;33mwarn:[0m hook 'page:before' used by plugin 'gitbook-plugin-include' is deprecated, and will be removed in the coming versions 
[0;33mwarn:[0m hook 'page:before' used by plugin 'gitbook-plugin-toc' is deprecated, and will be removed in the coming versions 
[0;33mwarn:[0m hook 'page:before' used by plugin 'gitbook-plugin-redirect' is deprecated, and will be removed in the coming versions 
[0;33mwarn:[0m hook 'page' used by plugin 'gitbook-plugin-anchors' is deprecated, and will be removed in the coming versions 
[0;33mwarn:[0m hook 'page:before' used by plugin 'gitbook-plugin-include' is deprecated, and will be removed in the coming versions 
[0;33mwarn:[0m hook 'page:before' used by plugin 'gitbook-plugin-toc' is deprecated, and will be removed in the coming versions 
[0;33mwarn:[0m hook 'page:before' used by plugin 'gitbook-plugin-redirect' is deprecated, and will be removed in the coming versions 
[0;33mwarn:[0m hook 'page' used by plugin 'gitbook-plugin-anchors' is deprecated, and will be removed in the coming versions 
[0;33mwarn:[0m hook 'page:before' used by plugin 'gitbook-plugin-include' is deprecated, and will be removed in the coming versions 
[0;33mwarn:[0m hook 'page:before' used by plugin 'gitbook-plugin-toc' is deprecated, and will be removed in the coming versions 
[0;33mwarn:[0m hook 'page:before' used by plugin 'gitbook-plugin-redirect' is deprecated, and will be removed in the coming versions 
[0;33mwarn:[0m hook 'page' used by plugin 'gitbook-plugin-anchors' is deprecated, and will be removed in the coming versions 
[0;33mwarn:[0m hook 'page:before' used by plugin 'gitbook-plugin-include' is deprecated, and will be removed in the coming versions 
[0;33mwarn:[0m hook 'page:before' used by plugin 'gitbook-plugin-toc' is deprecated, and will be removed in the coming versions 
[0;33mwarn:[0m hook 'page:before' used by plugin 'gitbook-plugin-redirect' is deprecated, and will be removed in the coming versions 
[0;33mwarn:[0m hook 'page' used by plugin 'gitbook-plugin-anchors' is deprecated, and will be removed in the coming versions 
[0;33mwarn:[0m hook 'page:before' used by plugin 'gitbook-plugin-include' is deprecated, and will be removed in the coming versions 
[0;33mwarn:[0m hook 'page:before' used by plugin 'gitbook-plugin-toc' is deprecated, and will be removed in the coming versions 
[0;33mwarn:[0m hook 'page:before' used by plugin 'gitbook-plugin-redirect' is deprecated, and will be removed in the coming versions 
[0;33mwarn:[0m hook 'page' used by plugin 'gitbook-plugin-anchors' is deprecated, and will be removed in the coming versions 
[0;33mwarn:[0m hook 'page:before' used by plugin 'gitbook-plugin-include' is deprecated, and will be removed in the coming versions 
[0;33mwarn:[0m hook 'page:before' used by plugin 'gitbook-plugin-toc' is deprecated, and will be removed in the coming versions 
[0;33mwarn:[0m hook 'page:before' used by plugin 'gitbook-plugin-redirect' is deprecated, and will be removed in the coming versions 
[0;33mwarn:[0m hook 'page' used by plugin 'gitbook-plugin-anchors' is deprecated, and will be removed in the coming versions 
[0;33mwarn:[0m hook 'page:before' used by plugin 'gitbook-plugin-include' is deprecated, and will be removed in the coming versions 
[0;33mwarn:[0m hook 'page:before' used by plugin 'gitbook-plugin-toc' is deprecated, and will be removed in the coming versions 
[0;33mwarn:[0m hook 'page:before' used by plugin 'gitbook-plugin-redirect' is deprecated, and will be removed in the coming versions 
[0;33mwarn:[0m hook 'page' used by plugin 'gitbook-plugin-anchors' is deprecated, and will be removed in the coming versions 
[0;33mwarn:[0m hook 'page:before' used by plugin 'gitbook-plugin-include' is deprecated, and will be removed in the coming versions 
[0;33mwarn:[0m hook 'page:before' used by plugin 'gitbook-plugin-toc' is deprecated, and will be removed in the coming versions 
[0;33mwarn:[0m hook 'page:before' used by plugin 'gitbook-plugin-redirect' is deprecated, and will be removed in the coming versions 
[0;33mwarn:[0m hook 'page' used by plugin 'gitbook-plugin-anchors' is deprecated, and will be removed in the coming versions 
[0;33mwarn:[0m hook 'page:before' used by plugin 'gitbook-plugin-include' is deprecated, and will be removed in the coming versions 
[0;33mwarn:[0m hook 'page:before' used by plugin 'gitbook-plugin-toc' is deprecated, and will be removed in the coming versions 
[0;33mwarn:[0m hook 'page:before' used by plugin 'gitbook-plugin-redirect' is deprecated, and will be removed in the coming versions 
[0;33mwarn:[0m hook 'page' used by plugin 'gitbook-plugin-anchors' is deprecated, and will be removed in the coming versions 
[0;33mwarn:[0m hook 'page:before' used by plugin 'gitbook-plugin-include' is deprecated, and will be removed in the coming versions 
[0;33mwarn:[0m hook 'page:before' used by plugin 'gitbook-plugin-toc' is deprecated, and will be removed in the coming versions 
[0;33mwarn:[0m hook 'page:before' used by plugin 'gitbook-plugin-redirect' is deprecated, and will be removed in the coming versions 
[0;33mwarn:[0m hook 'page' used by plugin 'gitbook-plugin-anchors' is deprecated, and will be removed in the coming versions 
[0;33mwarn:[0m hook 'page:before' used by plugin 'gitbook-plugin-include' is deprecated, and will be removed in the coming versions 
[0;33mwarn:[0m hook 'page:before' used by plugin 'gitbook-plugin-toc' is deprecated, and will be removed in the coming versions 
[0;33mwarn:[0m hook 'page:before' used by plugin 'gitbook-plugin-redirect' is deprecated, and will be removed in the coming versions 
[0;33mwarn:[0m hook 'page' used by plugin 'gitbook-plugin-anchors' is deprecated, and will be removed in the coming versions 
[0;33mwarn:[0m hook 'page:before' used by plugin 'gitbook-plugin-include' is deprecated, and will be removed in the coming versions 
[0;33mwarn:[0m hook 'page:before' used by plugin 'gitbook-plugin-toc' is deprecated, and will be removed in the coming versions 
[0;33mwarn:[0m hook 'page:before' used by plugin 'gitbook-plugin-redirect' is deprecated, and will be removed in the coming versions 
[0;33mwarn:[0m hook 'page' used by plugin 'gitbook-plugin-anchors' is deprecated, and will be removed in the coming versions 
[0;33mwarn:[0m hook 'page:before' used by plugin 'gitbook-plugin-include' is deprecated, and will be removed in the coming versions 
[0;33mwarn:[0m hook 'page:before' used by plugin 'gitbook-plugin-toc' is deprecated, and will be removed in the coming versions 
[0;33mwarn:[0m hook 'page:before' used by plugin 'gitbook-plugin-redirect' is deprecated, and will be removed in the coming versions 
[0;33mwarn:[0m hook 'page' used by plugin 'gitbook-plugin-anchors' is deprecated, and will be removed in the coming versions 
[0;33mwarn:[0m hook 'page:before' used by plugin 'gitbook-plugin-include' is deprecated, and will be removed in the coming versions 
[0;33mwarn:[0m hook 'page:before' used by plugin 'gitbook-plugin-toc' is deprecated, and will be removed in the coming versions 
[0;33mwarn:[0m hook 'page:before' used by plugin 'gitbook-plugin-redirect' is deprecated, and will be removed in the coming versions 
[0;33mwarn:[0m hook 'page' used by plugin 'gitbook-plugin-anchors' is deprecated, and will be removed in the coming versions 
[0;33mwarn:[0m hook 'page:before' used by plugin 'gitbook-plugin-include' is deprecated, and will be removed in the coming versions 
[0;33mwarn:[0m hook 'page:before' used by plugin 'gitbook-plugin-toc' is deprecated, and will be removed in the coming versions 
[0;33mwarn:[0m hook 'page:before' used by plugin 'gitbook-plugin-redirect' is deprecated, and will be removed in the coming versions 
[0;33mwarn:[0m hook 'page' used by plugin 'gitbook-plugin-anchors' is deprecated, and will be removed in the coming versions 
[0;33mwarn:[0m hook 'page:before' used by plugin 'gitbook-plugin-include' is deprecated, and will be removed in the coming versions 
[0;33mwarn:[0m hook 'page:before' used by plugin 'gitbook-plugin-toc' is deprecated, and will be removed in the coming versions 
[0;33mwarn:[0m hook 'page:before' used by plugin 'gitbook-plugin-redirect' is deprecated, and will be removed in the coming versions 
[0;33mwarn:[0m hook 'page' used by plugin 'gitbook-plugin-anchors' is deprecated, and will be removed in the coming versions 
[0;33mwarn:[0m hook 'page:before' used by plugin 'gitbook-plugin-include' is deprecated, and will be removed in the coming versions 
[0;33mwarn:[0m hook 'page:before' used by plugin 'gitbook-plugin-toc' is deprecated, and will be removed in the coming versions 
[0;33mwarn:[0m hook 'page:before' used by plugin 'gitbook-plugin-redirect' is deprecated, and will be removed in the coming versions 
[0;33mwarn:[0m hook 'page' used by plugin 'gitbook-plugin-anchors' is deprecated, and will be removed in the coming versions 
[0;33mwarn:[0m hook 'page:before' used by plugin 'gitbook-plugin-include' is deprecated, and will be removed in the coming versions 
[0;33mwarn:[0m hook 'page:before' used by plugin 'gitbook-plugin-toc' is deprecated, and will be removed in the coming versions 
[0;33mwarn:[0m hook 'page:before' used by plugin 'gitbook-plugin-redirect' is deprecated, and will be removed in the coming versions 
[0;33mwarn:[0m hook 'page' used by plugin 'gitbook-plugin-anchors' is deprecated, and will be removed in the coming versions 
[0;33mwarn:[0m hook 'page:before' used by plugin 'gitbook-plugin-include' is deprecated, and will be removed in the coming versions 
[0;33mwarn:[0m hook 'page:before' used by plugin 'gitbook-plugin-toc' is deprecated, and will be removed in the coming versions 
[0;33mwarn:[0m hook 'page:before' used by plugin 'gitbook-plugin-redirect' is deprecated, and will be removed in the coming versions 
[0;33mwarn:[0m hook 'page' used by plugin 'gitbook-plugin-anchors' is deprecated, and will be removed in the coming versions 
[0;33mwarn:[0m hook 'page:before' used by plugin 'gitbook-plugin-include' is deprecated, and will be removed in the coming versions 
[0;33mwarn:[0m hook 'page:before' used by plugin 'gitbook-plugin-toc' is deprecated, and will be removed in the coming versions 
[0;33mwarn:[0m hook 'page:before' used by plugin 'gitbook-plugin-redirect' is deprecated, and will be removed in the coming versions 
[0;33mwarn:[0m hook 'page' used by plugin 'gitbook-plugin-anchors' is deprecated, and will be removed in the coming versions 
[0;33mwarn:[0m hook 'page:before' used by plugin 'gitbook-plugin-include' is deprecated, and will be removed in the coming versions 
[0;33mwarn:[0m hook 'page:before' used by plugin 'gitbook-plugin-toc' is deprecated, and will be removed in the coming versions 
[0;33mwarn:[0m hook 'page:before' used by plugin 'gitbook-plugin-redirect' is deprecated, and will be removed in the coming versions 
[0;33mwarn:[0m hook 'page' used by plugin 'gitbook-plugin-anchors' is deprecated, and will be removed in the coming versions 
[0;33mwarn:[0m hook 'page:before' used by plugin 'gitbook-plugin-include' is deprecated, and will be removed in the coming versions 
[0;33mwarn:[0m hook 'page:before' used by plugin 'gitbook-plugin-toc' is deprecated, and will be removed in the coming versions 
[0;33mwarn:[0m hook 'page:before' used by plugin 'gitbook-plugin-redirect' is deprecated, and will be removed in the coming versions 
[0;33mwarn:[0m hook 'page' used by plugin 'gitbook-plugin-anchors' is deprecated, and will be removed in the coming versions 
[0;33mwarn:[0m hook 'page:before' used by plugin 'gitbook-plugin-include' is deprecated, and will be removed in the coming versions 
[0;33mwarn:[0m hook 'page:before' used by plugin 'gitbook-plugin-toc' is deprecated, and will be removed in the coming versions 
[0;33mwarn:[0m hook 'page:before' used by plugin 'gitbook-plugin-redirect' is deprecated, and will be removed in the coming versions 
[0;33mwarn:[0m hook 'page' used by plugin 'gitbook-plugin-anchors' is deprecated, and will be removed in the coming versions 
[0;33mwarn:[0m hook 'page:before' used by plugin 'gitbook-plugin-include' is deprecated, and will be removed in the coming versions 
[0;33mwarn:[0m hook 'page:before' used by plugin 'gitbook-plugin-toc' is deprecated, and will be removed in the coming versions 
[0;33mwarn:[0m hook 'page:before' used by plugin 'gitbook-plugin-redirect' is deprecated, and will be removed in the coming versions 
[0;33mwarn:[0m hook 'page' used by plugin 'gitbook-plugin-anchors' is deprecated, and will be removed in the coming versions 
[0;33mwarn:[0m hook 'page:before' used by plugin 'gitbook-plugin-include' is deprecated, and will be removed in the coming versions 
[0;33mwarn:[0m hook 'page:before' used by plugin 'gitbook-plugin-toc' is deprecated, and will be removed in the coming versions 
[0;33mwarn:[0m hook 'page:before' used by plugin 'gitbook-plugin-redirect' is deprecated, and will be removed in the coming versions 
[0;33mwarn:[0m hook 'page' used by plugin 'gitbook-plugin-anchors' is deprecated, and will be removed in the coming versions 
[0;33mwarn:[0m hook 'page:before' used by plugin 'gitbook-plugin-include' is deprecated, and will be removed in the coming versions 
[0;33mwarn:[0m hook 'page:before' used by plugin 'gitbook-plugin-toc' is deprecated, and will be removed in the coming versions 
[0;33mwarn:[0m hook 'page:before' used by plugin 'gitbook-plugin-redirect' is deprecated, and will be removed in the coming versions 
[0;33mwarn:[0m hook 'page' used by plugin 'gitbook-plugin-anchors' is deprecated, and will be removed in the coming versions 
[0;33mwarn:[0m hook 'page:before' used by plugin 'gitbook-plugin-include' is deprecated, and will be removed in the coming versions 
[0;33mwarn:[0m hook 'page:before' used by plugin 'gitbook-plugin-toc' is deprecated, and will be removed in the coming versions 
[0;33mwarn:[0m hook 'page:before' used by plugin 'gitbook-plugin-redirect' is deprecated, and will be removed in the coming versions 
[0;33mwarn:[0m hook 'page' used by plugin 'gitbook-plugin-anchors' is deprecated, and will be removed in the coming versions 
[0;33mwarn:[0m hook 'page:before' used by plugin 'gitbook-plugin-include' is deprecated, and will be removed in the coming versions 
[0;33mwarn:[0m hook 'page:before' used by plugin 'gitbook-plugin-toc' is deprecated, and will be removed in the coming versions 
[0;33mwarn:[0m hook 'page:before' used by plugin 'gitbook-plugin-redirect' is deprecated, and will be removed in the coming versions 
[0;33mwarn:[0m hook 'page' used by plugin 'gitbook-plugin-anchors' is deprecated, and will be removed in the coming versions 
[0;33mwarn:[0m hook 'page:before' used by plugin 'gitbook-plugin-include' is deprecated, and will be removed in the coming versions 
[0;33mwarn:[0m hook 'page:before' used by plugin 'gitbook-plugin-toc' is deprecated, and will be removed in the coming versions 
[0;33mwarn:[0m hook 'page:before' used by plugin 'gitbook-plugin-redirect' is deprecated, and will be removed in the coming versions 
[0;33mwarn:[0m hook 'page' used by plugin 'gitbook-plugin-anchors' is deprecated, and will be removed in the coming versions 
[0;33mwarn:[0m hook 'page:before' used by plugin 'gitbook-plugin-include' is deprecated, and will be removed in the coming versions 
[0;33mwarn:[0m hook 'page:before' used by plugin 'gitbook-plugin-toc' is deprecated, and will be removed in the coming versions 
[0;33mwarn:[0m hook 'page:before' used by plugin 'gitbook-plugin-redirect' is deprecated, and will be removed in the coming versions 
[0;33mwarn:[0m hook 'page' used by plugin 'gitbook-plugin-anchors' is deprecated, and will be removed in the coming versions 
[0;33mwarn:[0m hook 'page:before' used by plugin 'gitbook-plugin-include' is deprecated, and will be removed in the coming versions 
[0;33mwarn:[0m hook 'page:before' used by plugin 'gitbook-plugin-toc' is deprecated, and will be removed in the coming versions 
[0;33mwarn:[0m hook 'page:before' used by plugin 'gitbook-plugin-redirect' is deprecated, and will be removed in the coming versions 
[0;33mwarn:[0m hook 'page' used by plugin 'gitbook-plugin-anchors' is deprecated, and will be removed in the coming versions 
[0;33mwarn:[0m hook 'page:before' used by plugin 'gitbook-plugin-include' is deprecated, and will be removed in the coming versions 
[0;33mwarn:[0m hook 'page:before' used by plugin 'gitbook-plugin-toc' is deprecated, and will be removed in the coming versions 
[0;33mwarn:[0m hook 'page:before' used by plugin 'gitbook-plugin-redirect' is deprecated, and will be removed in the coming versions 
[0;33mwarn:[0m hook 'page' used by plugin 'gitbook-plugin-anchors' is deprecated, and will be removed in the coming versions 
[0;33mwarn:[0m hook 'page:before' used by plugin 'gitbook-plugin-include' is deprecated, and will be removed in the coming versions 
[0;33mwarn:[0m hook 'page:before' used by plugin 'gitbook-plugin-toc' is deprecated, and will be removed in the coming versions 
[0;33mwarn:[0m hook 'page:before' used by plugin 'gitbook-plugin-redirect' is deprecated, and will be removed in the coming versions 
[0;33mwarn:[0m hook 'page' used by plugin 'gitbook-plugin-anchors' is deprecated, and will be removed in the coming versions 
[0;33mwarn:[0m hook 'page:before' used by plugin 'gitbook-plugin-include' is deprecated, and will be removed in the coming versions 
[0;33mwarn:[0m hook 'page:before' used by plugin 'gitbook-plugin-toc' is deprecated, and will be removed in the coming versions 
[0;33mwarn:[0m hook 'page:before' used by plugin 'gitbook-plugin-redirect' is deprecated, and will be removed in the coming versions 
[0;33mwarn:[0m hook 'page' used by plugin 'gitbook-plugin-anchors' is deprecated, and will be removed in the coming versions 
[0;33mwarn:[0m hook 'page:before' used by plugin 'gitbook-plugin-include' is deprecated, and will be removed in the coming versions 
[0;33mwarn:[0m hook 'page:before' used by plugin 'gitbook-plugin-toc' is deprecated, and will be removed in the coming versions 
[0;33mwarn:[0m hook 'page:before' used by plugin 'gitbook-plugin-redirect' is deprecated, and will be removed in the coming versions 
[0;33mwarn:[0m hook 'page' used by plugin 'gitbook-plugin-anchors' is deprecated, and will be removed in the coming versions 
[0;33mwarn:[0m hook 'page:before' used by plugin 'gitbook-plugin-include' is deprecated, and will be removed in the coming versions 
[0;33mwarn:[0m hook 'page:before' used by plugin 'gitbook-plugin-toc' is deprecated, and will be removed in the coming versions 
[0;33mwarn:[0m hook 'page:before' used by plugin 'gitbook-plugin-redirect' is deprecated, and will be removed in the coming versions 
[0;33mwarn:[0m hook 'page' used by plugin 'gitbook-plugin-anchors' is deprecated, and will be removed in the coming versions 
[0;33mwarn:[0m hook 'page:before' used by plugin 'gitbook-plugin-include' is deprecated, and will be removed in the coming versions 
[0;33mwarn:[0m hook 'page:before' used by plugin 'gitbook-plugin-toc' is deprecated, and will be removed in the coming versions 
[0;33mwarn:[0m hook 'page:before' used by plugin 'gitbook-plugin-redirect' is deprecated, and will be removed in the coming versions 
[0;33mwarn:[0m hook 'page' used by plugin 'gitbook-plugin-anchors' is deprecated, and will be removed in the coming versions 
[0;33mwarn:[0m hook 'page:before' used by plugin 'gitbook-plugin-include' is deprecated, and will be removed in the coming versions 
[0;33mwarn:[0m hook 'page:before' used by plugin 'gitbook-plugin-toc' is deprecated, and will be removed in the coming versions 
[0;33mwarn:[0m hook 'page:before' used by plugin 'gitbook-plugin-redirect' is deprecated, and will be removed in the coming versions 
[0;33mwarn:[0m hook 'page' used by plugin 'gitbook-plugin-anchors' is deprecated, and will be removed in the coming versions 
[0;33mwarn:[0m hook 'page:before' used by plugin 'gitbook-plugin-include' is deprecated, and will be removed in the coming versions 
[0;33mwarn:[0m hook 'page:before' used by plugin 'gitbook-plugin-toc' is deprecated, and will be removed in the coming versions 
[0;33mwarn:[0m hook 'page:before' used by plugin 'gitbook-plugin-redirect' is deprecated, and will be removed in the coming versions 
[0;33mwarn:[0m hook 'page' used by plugin 'gitbook-plugin-anchors' is deprecated, and will be removed in the coming versions 
[0;33mwarn:[0m hook 'page:before' used by plugin 'gitbook-plugin-include' is deprecated, and will be removed in the coming versions 
[0;33mwarn:[0m hook 'page:before' used by plugin 'gitbook-plugin-toc' is deprecated, and will be removed in the coming versions 
[0;33mwarn:[0m hook 'page:before' used by plugin 'gitbook-plugin-redirect' is deprecated, and will be removed in the coming versions 
[0;33mwarn:[0m hook 'page' used by plugin 'gitbook-plugin-anchors' is deprecated, and will be removed in the coming versions 
[0;33mwarn:[0m hook 'page:before' used by plugin 'gitbook-plugin-include' is deprecated, and will be removed in the coming versions 
[0;33mwarn:[0m hook 'page:before' used by plugin 'gitbook-plugin-toc' is deprecated, and will be removed in the coming versions 
[0;33mwarn:[0m hook 'page:before' used by plugin 'gitbook-plugin-redirect' is deprecated, and will be removed in the coming versions 
[0;33mwarn:[0m hook 'page' used by plugin 'gitbook-plugin-anchors' is deprecated, and will be removed in the coming versions 
[0;33mwarn:[0m hook 'page:before' used by plugin 'gitbook-plugin-include' is deprecated, and will be removed in the coming versions 
[0;33mwarn:[0m hook 'page:before' used by plugin 'gitbook-plugin-toc' is deprecated, and will be removed in the coming versions 
[0;33mwarn:[0m hook 'page:before' used by plugin 'gitbook-plugin-redirect' is deprecated, and will be removed in the coming versions 
[0;33mwarn:[0m hook 'page' used by plugin 'gitbook-plugin-anchors' is deprecated, and will be removed in the coming versions 
[0;33mwarn:[0m hook 'page:before' used by plugin 'gitbook-plugin-include' is deprecated, and will be removed in the coming versions 
[0;33mwarn:[0m hook 'page:before' used by plugin 'gitbook-plugin-toc' is deprecated, and will be removed in the coming versions 
[0;33mwarn:[0m hook 'page:before' used by plugin 'gitbook-plugin-redirect' is deprecated, and will be removed in the coming versions 
[0;33mwarn:[0m hook 'page' used by plugin 'gitbook-plugin-anchors' is deprecated, and will be removed in the coming versions 
[0;33mwarn:[0m hook 'page:before' used by plugin 'gitbook-plugin-include' is deprecated, and will be removed in the coming versions 
[0;33mwarn:[0m hook 'page:before' used by plugin 'gitbook-plugin-toc' is deprecated, and will be removed in the coming versions 
[0;33mwarn:[0m hook 'page:before' used by plugin 'gitbook-plugin-redirect' is deprecated, and will be removed in the coming versions 
[0;33mwarn:[0m hook 'page' used by plugin 'gitbook-plugin-anchors' is deprecated, and will be removed in the coming versions 
[0;33mwarn:[0m hook 'page:before' used by plugin 'gitbook-plugin-include' is deprecated, and will be removed in the coming versions 
[0;33mwarn:[0m hook 'page:before' used by plugin 'gitbook-plugin-toc' is deprecated, and will be removed in the coming versions 
[0;33mwarn:[0m hook 'page:before' used by plugin 'gitbook-plugin-redirect' is deprecated, and will be removed in the coming versions 
[0;33mwarn:[0m hook 'page' used by plugin 'gitbook-plugin-anchors' is deprecated, and will be removed in the coming versions 
[0;33mwarn:[0m hook 'page:before' used by plugin 'gitbook-plugin-include' is deprecated, and will be removed in the coming versions 
[0;33mwarn:[0m hook 'page:before' used by plugin 'gitbook-plugin-toc' is deprecated, and will be removed in the coming versions 
[0;33mwarn:[0m hook 'page:before' used by plugin 'gitbook-plugin-redirect' is deprecated, and will be removed in the coming versions 
[0;33mwarn:[0m hook 'page' used by plugin 'gitbook-plugin-anchors' is deprecated, and will be removed in the coming versions 
[0;33mwarn:[0m hook 'page:before' used by plugin 'gitbook-plugin-include' is deprecated, and will be removed in the coming versions 
[0;33mwarn:[0m hook 'page:before' used by plugin 'gitbook-plugin-toc' is deprecated, and will be removed in the coming versions 
[0;33mwarn:[0m hook 'page:before' used by plugin 'gitbook-plugin-redirect' is deprecated, and will be removed in the coming versions 
[0;33mwarn:[0m hook 'page' used by plugin 'gitbook-plugin-anchors' is deprecated, and will be removed in the coming versions 
[0;33mwarn:[0m hook 'page:before' used by plugin 'gitbook-plugin-include' is deprecated, and will be removed in the coming versions 
[0;33mwarn:[0m hook 'page:before' used by plugin 'gitbook-plugin-toc' is deprecated, and will be removed in the coming versions 
[0;33mwarn:[0m hook 'page:before' used by plugin 'gitbook-plugin-redirect' is deprecated, and will be removed in the coming versions 
[0;33mwarn:[0m hook 'page' used by plugin 'gitbook-plugin-anchors' is deprecated, and will be removed in the coming versions 
[0;33mwarn:[0m hook 'page:before' used by plugin 'gitbook-plugin-include' is deprecated, and will be removed in the coming versions 
[0;33mwarn:[0m hook 'page:before' used by plugin 'gitbook-plugin-toc' is deprecated, and will be removed in the coming versions 
[0;33mwarn:[0m hook 'page:before' used by plugin 'gitbook-plugin-redirect' is deprecated, and will be removed in the coming versions 
[0;33mwarn:[0m hook 'page' used by plugin 'gitbook-plugin-anchors' is deprecated, and will be removed in the coming versions 
[0;33mwarn:[0m hook 'page:before' used by plugin 'gitbook-plugin-include' is deprecated, and will be removed in the coming versions 
[0;33mwarn:[0m hook 'page:before' used by plugin 'gitbook-plugin-toc' is deprecated, and will be removed in the coming versions 
[0;33mwarn:[0m hook 'page:before' used by plugin 'gitbook-plugin-redirect' is deprecated, and will be removed in the coming versions 
[0;33mwarn:[0m hook 'page' used by plugin 'gitbook-plugin-anchors' is deprecated, and will be removed in the coming versions 
[0;33mwarn:[0m hook 'page:before' used by plugin 'gitbook-plugin-include' is deprecated, and will be removed in the coming versions 
[0;33mwarn:[0m hook 'page:before' used by plugin 'gitbook-plugin-toc' is deprecated, and will be removed in the coming versions 
[0;33mwarn:[0m hook 'page:before' used by plugin 'gitbook-plugin-redirect' is deprecated, and will be removed in the coming versions 
[0;33mwarn:[0m hook 'page' used by plugin 'gitbook-plugin-anchors' is deprecated, and will be removed in the coming versions 
[0;33mwarn:[0m hook 'page:before' used by plugin 'gitbook-plugin-include' is deprecated, and will be removed in the coming versions 
[0;33mwarn:[0m hook 'page:before' used by plugin 'gitbook-plugin-toc' is deprecated, and will be removed in the coming versions 
[0;33mwarn:[0m hook 'page:before' used by plugin 'gitbook-plugin-redirect' is deprecated, and will be removed in the coming versions 
[0;33mwarn:[0m hook 'page' used by plugin 'gitbook-plugin-anchors' is deprecated, and will be removed in the coming versions 
[0;33mwarn:[0m hook 'page:before' used by plugin 'gitbook-plugin-include' is deprecated, and will be removed in the coming versions 
[0;33mwarn:[0m hook 'page:before' used by plugin 'gitbook-plugin-toc' is deprecated, and will be removed in the coming versions 
[0;33mwarn:[0m hook 'page:before' used by plugin 'gitbook-plugin-redirect' is deprecated, and will be removed in the coming versions 
[0;33mwarn:[0m hook 'page' used by plugin 'gitbook-plugin-anchors' is deprecated, and will be removed in the coming versions 
[0;33mwarn:[0m hook 'page:before' used by plugin 'gitbook-plugin-include' is deprecated, and will be removed in the coming versions 
[0;33mwarn:[0m hook 'page:before' used by plugin 'gitbook-plugin-toc' is deprecated, and will be removed in the coming versions 
[0;33mwarn:[0m hook 'page:before' used by plugin 'gitbook-plugin-redirect' is deprecated, and will be removed in the coming versions 
[0;33mwarn:[0m hook 'page' used by plugin 'gitbook-plugin-anchors' is deprecated, and will be removed in the coming versions 
[0;33mwarn:[0m hook 'page:before' used by plugin 'gitbook-plugin-include' is deprecated, and will be removed in the coming versions 
[0;33mwarn:[0m hook 'page:before' used by plugin 'gitbook-plugin-toc' is deprecated, and will be removed in the coming versions 
[0;33mwarn:[0m hook 'page:before' used by plugin 'gitbook-plugin-redirect' is deprecated, and will be removed in the coming versions 
[0;33mwarn:[0m hook 'page' used by plugin 'gitbook-plugin-anchors' is deprecated, and will be removed in the coming versions 
[0;33mwarn:[0m hook 'page:before' used by plugin 'gitbook-plugin-include' is deprecated, and will be removed in the coming versions 
[0;33mwarn:[0m hook 'page:before' used by plugin 'gitbook-plugin-toc' is deprecated, and will be removed in the coming versions 
[0;33mwarn:[0m hook 'page:before' used by plugin 'gitbook-plugin-redirect' is deprecated, and will be removed in the coming versions 
[0;33mwarn:[0m hook 'page' used by plugin 'gitbook-plugin-anchors' is deprecated, and will be removed in the coming versions 
[0;33mwarn:[0m hook 'page:before' used by plugin 'gitbook-plugin-include' is deprecated, and will be removed in the coming versions 
[0;33mwarn:[0m hook 'page:before' used by plugin 'gitbook-plugin-toc' is deprecated, and will be removed in the coming versions 
[0;33mwarn:[0m hook 'page:before' used by plugin 'gitbook-plugin-redirect' is deprecated, and will be removed in the coming versions 
[0;33mwarn:[0m hook 'page' used by plugin 'gitbook-plugin-anchors' is deprecated, and will be removed in the coming versions 
[0;33mwarn:[0m hook 'page:before' used by plugin 'gitbook-plugin-include' is deprecated, and will be removed in the coming versions 
[0;33mwarn:[0m hook 'page:before' used by plugin 'gitbook-plugin-toc' is deprecated, and will be removed in the coming versions 
[0;33mwarn:[0m hook 'page:before' used by plugin 'gitbook-plugin-redirect' is deprecated, and will be removed in the coming versions 
[0;33mwarn:[0m hook 'page' used by plugin 'gitbook-plugin-anchors' is deprecated, and will be removed in the coming versions 
[0;33mwarn:[0m hook 'page:before' used by plugin 'gitbook-plugin-include' is deprecated, and will be removed in the coming versions 
[0;33mwarn:[0m hook 'page:before' used by plugin 'gitbook-plugin-toc' is deprecated, and will be removed in the coming versions 
[0;33mwarn:[0m hook 'page:before' used by plugin 'gitbook-plugin-redirect' is deprecated, and will be removed in the coming versions 
[0;33mwarn:[0m hook 'page' used by plugin 'gitbook-plugin-anchors' is deprecated, and will be removed in the coming versions 
[0;33mwarn:[0m hook 'page:before' used by plugin 'gitbook-plugin-include' is deprecated, and will be removed in the coming versions 
[0;33mwarn:[0m hook 'page:before' used by plugin 'gitbook-plugin-toc' is deprecated, and will be removed in the coming versions 
[0;33mwarn:[0m hook 'page:before' used by plugin 'gitbook-plugin-redirect' is deprecated, and will be removed in the coming versions 
[0;33mwarn:[0m hook 'page' used by plugin 'gitbook-plugin-anchors' is deprecated, and will be removed in the coming versions 
[0;33mwarn:[0m hook 'page:before' used by plugin 'gitbook-plugin-include' is deprecated, and will be removed in the coming versions 
[0;33mwarn:[0m hook 'page:before' used by plugin 'gitbook-plugin-toc' is deprecated, and will be removed in the coming versions 
[0;33mwarn:[0m hook 'page:before' used by plugin 'gitbook-plugin-redirect' is deprecated, and will be removed in the coming versions 
[0;33mwarn:[0m hook 'page' used by plugin 'gitbook-plugin-anchors' is deprecated, and will be removed in the coming versions 
[0;33mwarn:[0m hook 'page:before' used by plugin 'gitbook-plugin-include' is deprecated, and will be removed in the coming versions 
[0;33mwarn:[0m hook 'page:before' used by plugin 'gitbook-plugin-toc' is deprecated, and will be removed in the coming versions 
[0;33mwarn:[0m hook 'page:before' used by plugin 'gitbook-plugin-redirect' is deprecated, and will be removed in the coming versions 
[0;33mwarn:[0m hook 'page' used by plugin 'gitbook-plugin-anchors' is deprecated, and will be removed in the coming versions 
[0;33mwarn:[0m hook 'page:before' used by plugin 'gitbook-plugin-include' is deprecated, and will be removed in the coming versions 
[0;33mwarn:[0m hook 'page:before' used by plugin 'gitbook-plugin-toc' is deprecated, and will be removed in the coming versions 
[0;33mwarn:[0m hook 'page:before' used by plugin 'gitbook-plugin-redirect' is deprecated, and will be removed in the coming versions 
[0;33mwarn:[0m hook 'page' used by plugin 'gitbook-plugin-anchors' is deprecated, and will be removed in the coming versions 
[0;33mwarn:[0m hook 'page:before' used by plugin 'gitbook-plugin-include' is deprecated, and will be removed in the coming versions 
[0;33mwarn:[0m hook 'page:before' used by plugin 'gitbook-plugin-toc' is deprecated, and will be removed in the coming versions 
[0;33mwarn:[0m hook 'page:before' used by plugin 'gitbook-plugin-redirect' is deprecated, and will be removed in the coming versions 
[0;33mwarn:[0m hook 'page' used by plugin 'gitbook-plugin-anchors' is deprecated, and will be removed in the coming versions 
[0;33mwarn:[0m hook 'page:before' used by plugin 'gitbook-plugin-include' is deprecated, and will be removed in the coming versions 
[0;33mwarn:[0m hook 'page:before' used by plugin 'gitbook-plugin-toc' is deprecated, and will be removed in the coming versions 
[0;33mwarn:[0m hook 'page:before' used by plugin 'gitbook-plugin-redirect' is deprecated, and will be removed in the coming versions 
[0;33mwarn:[0m hook 'page' used by plugin 'gitbook-plugin-anchors' is deprecated, and will be removed in the coming versions 
[0;33mwarn:[0m hook 'page:before' used by plugin 'gitbook-plugin-include' is deprecated, and will be removed in the coming versions 
[0;33mwarn:[0m hook 'page:before' used by plugin 'gitbook-plugin-toc' is deprecated, and will be removed in the coming versions 
[0;33mwarn:[0m hook 'page:before' used by plugin 'gitbook-plugin-redirect' is deprecated, and will be removed in the coming versions 
[0;33mwarn:[0m hook 'page' used by plugin 'gitbook-plugin-anchors' is deprecated, and will be removed in the coming versions 
[0;33mwarn:[0m hook 'page:before' used by plugin 'gitbook-plugin-include' is deprecated, and will be removed in the coming versions 
[0;33mwarn:[0m hook 'page:before' used by plugin 'gitbook-plugin-toc' is deprecated, and will be removed in the coming versions 
[0;33mwarn:[0m hook 'page:before' used by plugin 'gitbook-plugin-redirect' is deprecated, and will be removed in the coming versions 
[0;33mwarn:[0m hook 'page' used by plugin 'gitbook-plugin-anchors' is deprecated, and will be removed in the coming versions 
[0;33mwarn:[0m hook 'page:before' used by plugin 'gitbook-plugin-include' is deprecated, and will be removed in the coming versions 
[0;33mwarn:[0m hook 'page:before' used by plugin 'gitbook-plugin-toc' is deprecated, and will be removed in the coming versions 
[0;33mwarn:[0m hook 'page:before' used by plugin 'gitbook-plugin-redirect' is deprecated, and will be removed in the coming versions 
[0;33mwarn:[0m hook 'page' used by plugin 'gitbook-plugin-anchors' is deprecated, and will be removed in the coming versions 
[0;33mwarn:[0m hook 'page:before' used by plugin 'gitbook-plugin-include' is deprecated, and will be removed in the coming versions 
[0;33mwarn:[0m hook 'page:before' used by plugin 'gitbook-plugin-toc' is deprecated, and will be removed in the coming versions 
[0;33mwarn:[0m hook 'page:before' used by plugin 'gitbook-plugin-redirect' is deprecated, and will be removed in the coming versions 
[0;33mwarn:[0m hook 'page' used by plugin 'gitbook-plugin-anchors' is deprecated, and will be removed in the coming versions 
[0;33mwarn:[0m hook 'page:before' used by plugin 'gitbook-plugin-include' is deprecated, and will be removed in the coming versions 
[0;33mwarn:[0m hook 'page:before' used by plugin 'gitbook-plugin-toc' is deprecated, and will be removed in the coming versions 
[0;33mwarn:[0m hook 'page:before' used by plugin 'gitbook-plugin-redirect' is deprecated, and will be removed in the coming versions 
[0;33mwarn:[0m hook 'page' used by plugin 'gitbook-plugin-anchors' is deprecated, and will be removed in the coming versions 
[0;33mwarn:[0m hook 'page:before' used by plugin 'gitbook-plugin-include' is deprecated, and will be removed in the coming versions 
[0;33mwarn:[0m hook 'page:before' used by plugin 'gitbook-plugin-toc' is deprecated, and will be removed in the coming versions 
[0;33mwarn:[0m hook 'page:before' used by plugin 'gitbook-plugin-redirect' is deprecated, and will be removed in the coming versions 
[0;33mwarn:[0m hook 'page' used by plugin 'gitbook-plugin-anchors' is deprecated, and will be removed in the coming versions 
[0;33mwarn:[0m hook 'page:before' used by plugin 'gitbook-plugin-include' is deprecated, and will be removed in the coming versions 
[0;33mwarn:[0m hook 'page:before' used by plugin 'gitbook-plugin-toc' is deprecated, and will be removed in the coming versions 
[0;33mwarn:[0m hook 'page:before' used by plugin 'gitbook-plugin-redirect' is deprecated, and will be removed in the coming versions 
[0;33mwarn:[0m hook 'page' used by plugin 'gitbook-plugin-anchors' is deprecated, and will be removed in the coming versions 
[0;33mwarn:[0m hook 'page:before' used by plugin 'gitbook-plugin-include' is deprecated, and will be removed in the coming versions 
[0;33mwarn:[0m hook 'page:before' used by plugin 'gitbook-plugin-toc' is deprecated, and will be removed in the coming versions 
[0;33mwarn:[0m hook 'page:before' used by plugin 'gitbook-plugin-redirect' is deprecated, and will be removed in the coming versions 
[0;33mwarn:[0m hook 'page' used by plugin 'gitbook-plugin-anchors' is deprecated, and will be removed in the coming versions 
[0;33mwarn:[0m hook 'page:before' used by plugin 'gitbook-plugin-include' is deprecated, and will be removed in the coming versions 
[0;33mwarn:[0m hook 'page:before' used by plugin 'gitbook-plugin-toc' is deprecated, and will be removed in the coming versions 
[0;33mwarn:[0m hook 'page:before' used by plugin 'gitbook-plugin-redirect' is deprecated, and will be removed in the coming versions 
[0;33mwarn:[0m hook 'page' used by plugin 'gitbook-plugin-anchors' is deprecated, and will be removed in the coming versions 
[0;33mwarn:[0m hook 'page:before' used by plugin 'gitbook-plugin-include' is deprecated, and will be removed in the coming versions 
[0;33mwarn:[0m hook 'page:before' used by plugin 'gitbook-plugin-toc' is deprecated, and will be removed in the coming versions 
[0;33mwarn:[0m hook 'page:before' used by plugin 'gitbook-plugin-redirect' is deprecated, and will be removed in the coming versions 
[0;33mwarn:[0m hook 'page' used by plugin 'gitbook-plugin-anchors' is deprecated, and will be removed in the coming versions 
[0;33mwarn:[0m hook 'page:before' used by plugin 'gitbook-plugin-include' is deprecated, and will be removed in the coming versions 
[0;33mwarn:[0m hook 'page:before' used by plugin 'gitbook-plugin-toc' is deprecated, and will be removed in the coming versions 
[0;33mwarn:[0m hook 'page:before' used by plugin 'gitbook-plugin-redirect' is deprecated, and will be removed in the coming versions 
[0;33mwarn:[0m hook 'page' used by plugin 'gitbook-plugin-anchors' is deprecated, and will be removed in the coming versions 
[0;33mwarn:[0m hook 'page:before' used by plugin 'gitbook-plugin-include' is deprecated, and will be removed in the coming versions 
[0;33mwarn:[0m hook 'page:before' used by plugin 'gitbook-plugin-toc' is deprecated, and will be removed in the coming versions 
[0;33mwarn:[0m hook 'page:before' used by plugin 'gitbook-plugin-redirect' is deprecated, and will be removed in the coming versions 
[0;33mwarn:[0m hook 'page' used by plugin 'gitbook-plugin-anchors' is deprecated, and will be removed in the coming versions 
[0;33mwarn:[0m hook 'page:before' used by plugin 'gitbook-plugin-include' is deprecated, and will be removed in the coming versions 
[0;33mwarn:[0m hook 'page:before' used by plugin 'gitbook-plugin-toc' is deprecated, and will be removed in the coming versions 
[0;33mwarn:[0m hook 'page:before' used by plugin 'gitbook-plugin-redirect' is deprecated, and will be removed in the coming versions 
[0;33mwarn:[0m hook 'page' used by plugin 'gitbook-plugin-anchors' is deprecated, and will be removed in the coming versions 
[0;33mwarn:[0m hook 'page:before' used by plugin 'gitbook-plugin-include' is deprecated, and will be removed in the coming versions 
[0;33mwarn:[0m hook 'page:before' used by plugin 'gitbook-plugin-toc' is deprecated, and will be removed in the coming versions 
[0;33mwarn:[0m hook 'page:before' used by plugin 'gitbook-plugin-redirect' is deprecated, and will be removed in the coming versions 
[0;33mwarn:[0m hook 'page' used by plugin 'gitbook-plugin-anchors' is deprecated, and will be removed in the coming versions 
[0;33mwarn:[0m hook 'page:before' used by plugin 'gitbook-plugin-include' is deprecated, and will be removed in the coming versions 
[0;33mwarn:[0m hook 'page:before' used by plugin 'gitbook-plugin-toc' is deprecated, and will be removed in the coming versions 
[0;33mwarn:[0m hook 'page:before' used by plugin 'gitbook-plugin-redirect' is deprecated, and will be removed in the coming versions 
[0;33mwarn:[0m hook 'page' used by plugin 'gitbook-plugin-anchors' is deprecated, and will be removed in the coming versions 
[0;33mwarn:[0m hook 'page:before' used by plugin 'gitbook-plugin-include' is deprecated, and will be removed in the coming versions 
[0;33mwarn:[0m hook 'page:before' used by plugin 'gitbook-plugin-toc' is deprecated, and will be removed in the coming versions 
[0;33mwarn:[0m hook 'page:before' used by plugin 'gitbook-plugin-redirect' is deprecated, and will be removed in the coming versions 
[0;33mwarn:[0m hook 'page' used by plugin 'gitbook-plugin-anchors' is deprecated, and will be removed in the coming versions 
[0;33mwarn:[0m hook 'page:before' used by plugin 'gitbook-plugin-include' is deprecated, and will be removed in the coming versions 
[0;33mwarn:[0m hook 'page:before' used by plugin 'gitbook-plugin-toc' is deprecated, and will be removed in the coming versions 
[0;33mwarn:[0m hook 'page:before' used by plugin 'gitbook-plugin-redirect' is deprecated, and will be removed in the coming versions 
[0;33mwarn:[0m hook 'page' used by plugin 'gitbook-plugin-anchors' is deprecated, and will be removed in the coming versions 
[0;33mwarn:[0m hook 'page:before' used by plugin 'gitbook-plugin-include' is deprecated, and will be removed in the coming versions 
[0;33mwarn:[0m hook 'page:before' used by plugin 'gitbook-plugin-toc' is deprecated, and will be removed in the coming versions 
[0;33mwarn:[0m hook 'page:before' used by plugin 'gitbook-plugin-redirect' is deprecated, and will be removed in the coming versions 
[0;33mwarn:[0m hook 'page' used by plugin 'gitbook-plugin-anchors' is deprecated, and will be removed in the coming versions 
[0;33mwarn:[0m hook 'page:before' used by plugin 'gitbook-plugin-include' is deprecated, and will be removed in the coming versions 
[0;33mwarn:[0m hook 'page:before' used by plugin 'gitbook-plugin-toc' is deprecated, and will be removed in the coming versions 
[0;33mwarn:[0m hook 'page:before' used by plugin 'gitbook-plugin-redirect' is deprecated, and will be removed in the coming versions 
[0;33mwarn:[0m hook 'page' used by plugin 'gitbook-plugin-anchors' is deprecated, and will be removed in the coming versions 
[0;33mwarn:[0m hook 'page:before' used by plugin 'gitbook-plugin-include' is deprecated, and will be removed in the coming versions 
[0;33mwarn:[0m hook 'page:before' used by plugin 'gitbook-plugin-toc' is deprecated, and will be removed in the coming versions 
[0;33mwarn:[0m hook 'page:before' used by plugin 'gitbook-plugin-redirect' is deprecated, and will be removed in the coming versions 
[0;33mwarn:[0m hook 'page' used by plugin 'gitbook-plugin-anchors' is deprecated, and will be removed in the coming versions 
[0;33mwarn:[0m hook 'page:before' used by plugin 'gitbook-plugin-include' is deprecated, and will be removed in the coming versions 
[0;33mwarn:[0m hook 'page:before' used by plugin 'gitbook-plugin-toc' is deprecated, and will be removed in the coming versions 
[0;33mwarn:[0m hook 'page:before' used by plugin 'gitbook-plugin-redirect' is deprecated, and will be removed in the coming versions 
[0;33mwarn:[0m hook 'page' used by plugin 'gitbook-plugin-anchors' is deprecated, and will be removed in the coming versions 
[0;33mwarn:[0m hook 'page:before' used by plugin 'gitbook-plugin-include' is deprecated, and will be removed in the coming versions 
[0;33mwarn:[0m hook 'page:before' used by plugin 'gitbook-plugin-toc' is deprecated, and will be removed in the coming versions 
[0;33mwarn:[0m hook 'page:before' used by plugin 'gitbook-plugin-redirect' is deprecated, and will be removed in the coming versions 
[0;33mwarn:[0m hook 'page' used by plugin 'gitbook-plugin-anchors' is deprecated, and will be removed in the coming versions 
[0;33mwarn:[0m hook 'page:before' used by plugin 'gitbook-plugin-include' is deprecated, and will be removed in the coming versions 
[0;33mwarn:[0m hook 'page:before' used by plugin 'gitbook-plugin-toc' is deprecated, and will be removed in the coming versions 
[0;33mwarn:[0m hook 'page:before' used by plugin 'gitbook-plugin-redirect' is deprecated, and will be removed in the coming versions 
[0;33mwarn:[0m hook 'page' used by plugin 'gitbook-plugin-anchors' is deprecated, and will be removed in the coming versions 
[0;33mwarn:[0m hook 'page:before' used by plugin 'gitbook-plugin-include' is deprecated, and will be removed in the coming versions 
[0;33mwarn:[0m hook 'page:before' used by plugin 'gitbook-plugin-toc' is deprecated, and will be removed in the coming versions 
[0;33mwarn:[0m hook 'page:before' used by plugin 'gitbook-plugin-redirect' is deprecated, and will be removed in the coming versions 
[0;33mwarn:[0m hook 'page' used by plugin 'gitbook-plugin-anchors' is deprecated, and will be removed in the coming versions 
[0;33mwarn:[0m hook 'page:before' used by plugin 'gitbook-plugin-include' is deprecated, and will be removed in the coming versions 
[0;33mwarn:[0m hook 'page:before' used by plugin 'gitbook-plugin-toc' is deprecated, and will be removed in the coming versions 
[0;33mwarn:[0m hook 'page:before' used by plugin 'gitbook-plugin-redirect' is deprecated, and will be removed in the coming versions 
[0;33mwarn:[0m hook 'page' used by plugin 'gitbook-plugin-anchors' is deprecated, and will be removed in the coming versions 
[0;33mwarn:[0m hook 'page:before' used by plugin 'gitbook-plugin-include' is deprecated, and will be removed in the coming versions 
[0;33mwarn:[0m hook 'page:before' used by plugin 'gitbook-plugin-toc' is deprecated, and will be removed in the coming versions 
[0;33mwarn:[0m hook 'page:before' used by plugin 'gitbook-plugin-redirect' is deprecated, and will be removed in the coming versions 
[0;33mwarn:[0m hook 'page' used by plugin 'gitbook-plugin-anchors' is deprecated, and will be removed in the coming versions 
[0;33mwarn:[0m hook 'page:before' used by plugin 'gitbook-plugin-include' is deprecated, and will be removed in the coming versions 
[0;33mwarn:[0m hook 'page:before' used by plugin 'gitbook-plugin-toc' is deprecated, and will be removed in the coming versions 
[0;33mwarn:[0m hook 'page:before' used by plugin 'gitbook-plugin-redirect' is deprecated, and will be removed in the coming versions 
[0;33mwarn:[0m hook 'page' used by plugin 'gitbook-plugin-anchors' is deprecated, and will be removed in the coming versions 
[0;33mwarn:[0m hook 'page:before' used by plugin 'gitbook-plugin-include' is deprecated, and will be removed in the coming versions 
[0;33mwarn:[0m hook 'page:before' used by plugin 'gitbook-plugin-toc' is deprecated, and will be removed in the coming versions 
[0;33mwarn:[0m hook 'page:before' used by plugin 'gitbook-plugin-redirect' is deprecated, and will be removed in the coming versions 
[0;33mwarn:[0m hook 'page' used by plugin 'gitbook-plugin-anchors' is deprecated, and will be removed in the coming versions 
[0;33mwarn:[0m hook 'page:before' used by plugin 'gitbook-plugin-include' is deprecated, and will be removed in the coming versions 
[0;33mwarn:[0m hook 'page:before' used by plugin 'gitbook-plugin-toc' is deprecated, and will be removed in the coming versions 
[0;33mwarn:[0m hook 'page:before' used by plugin 'gitbook-plugin-redirect' is deprecated, and will be removed in the coming versions 
[0;33mwarn:[0m hook 'page' used by plugin 'gitbook-plugin-anchors' is deprecated, and will be removed in the coming versions 
[0;33mwarn:[0m hook 'page:before' used by plugin 'gitbook-plugin-include' is deprecated, and will be removed in the coming versions 
[0;33mwarn:[0m hook 'page:before' used by plugin 'gitbook-plugin-toc' is deprecated, and will be removed in the coming versions 
[0;33mwarn:[0m hook 'page:before' used by plugin 'gitbook-plugin-redirect' is deprecated, and will be removed in the coming versions 
[0;33mwarn:[0m hook 'page' used by plugin 'gitbook-plugin-anchors' is deprecated, and will be removed in the coming versions 
[0;33mwarn:[0m hook 'page:before' used by plugin 'gitbook-plugin-include' is deprecated, and will be removed in the coming versions 
[0;33mwarn:[0m hook 'page:before' used by plugin 'gitbook-plugin-toc' is deprecated, and will be removed in the coming versions 
[0;33mwarn:[0m hook 'page:before' used by plugin 'gitbook-plugin-redirect' is deprecated, and will be removed in the coming versions 
[0;33mwarn:[0m hook 'page' used by plugin 'gitbook-plugin-anchors' is deprecated, and will be removed in the coming versions 
[0;33mwarn:[0m hook 'page:before' used by plugin 'gitbook-plugin-include' is deprecated, and will be removed in the coming versions 
[0;33mwarn:[0m hook 'page:before' used by plugin 'gitbook-plugin-toc' is deprecated, and will be removed in the coming versions 
[0;33mwarn:[0m hook 'page:before' used by plugin 'gitbook-plugin-redirect' is deprecated, and will be removed in the coming versions 
[0;33mwarn:[0m hook 'page' used by plugin 'gitbook-plugin-anchors' is deprecated, and will be removed in the coming versions 
[0;33mwarn:[0m hook 'page:before' used by plugin 'gitbook-plugin-include' is deprecated, and will be removed in the coming versions 
[0;33mwarn:[0m hook 'page:before' used by plugin 'gitbook-plugin-toc' is deprecated, and will be removed in the coming versions 
[0;33mwarn:[0m hook 'page:before' used by plugin 'gitbook-plugin-redirect' is deprecated, and will be removed in the coming versions 
[0;33mwarn:[0m hook 'page' used by plugin 'gitbook-plugin-anchors' is deprecated, and will be removed in the coming versions 
[0;33mwarn:[0m hook 'page:before' used by plugin 'gitbook-plugin-include' is deprecated, and will be removed in the coming versions 
[0;33mwarn:[0m hook 'page:before' used by plugin 'gitbook-plugin-toc' is deprecated, and will be removed in the coming versions 
[0;33mwarn:[0m hook 'page:before' used by plugin 'gitbook-plugin-redirect' is deprecated, and will be removed in the coming versions 
[0;33mwarn:[0m hook 'page' used by plugin 'gitbook-plugin-anchors' is deprecated, and will be removed in the coming versions 
[0;33mwarn:[0m hook 'page:before' used by plugin 'gitbook-plugin-include' is deprecated, and will be removed in the coming versions 
[0;33mwarn:[0m hook 'page:before' used by plugin 'gitbook-plugin-toc' is deprecated, and will be removed in the coming versions 
[0;33mwarn:[0m hook 'page:before' used by plugin 'gitbook-plugin-redirect' is deprecated, and will be removed in the coming versions 
[0;33mwarn:[0m hook 'page' used by plugin 'gitbook-plugin-anchors' is deprecated, and will be removed in the coming versions 
[0;33mwarn:[0m hook 'page:before' used by plugin 'gitbook-plugin-include' is deprecated, and will be removed in the coming versions 
[0;33mwarn:[0m hook 'page:before' used by plugin 'gitbook-plugin-toc' is deprecated, and will be removed in the coming versions 
[0;33mwarn:[0m hook 'page:before' used by plugin 'gitbook-plugin-redirect' is deprecated, and will be removed in the coming versions 
[0;33mwarn:[0m hook 'page' used by plugin 'gitbook-plugin-anchors' is deprecated, and will be removed in the coming versions 
[0;33mwarn:[0m hook 'page:before' used by plugin 'gitbook-plugin-include' is deprecated, and will be removed in the coming versions 
[0;33mwarn:[0m hook 'page:before' used by plugin 'gitbook-plugin-toc' is deprecated, and will be removed in the coming versions 
[0;33mwarn:[0m hook 'page:before' used by plugin 'gitbook-plugin-redirect' is deprecated, and will be removed in the coming versions 
[0;33mwarn:[0m hook 'page' used by plugin 'gitbook-plugin-anchors' is deprecated, and will be removed in the coming versions 
[0;33mwarn:[0m hook 'page:before' used by plugin 'gitbook-plugin-include' is deprecated, and will be removed in the coming versions 
[0;33mwarn:[0m hook 'page:before' used by plugin 'gitbook-plugin-toc' is deprecated, and will be removed in the coming versions 
[0;33mwarn:[0m hook 'page:before' used by plugin 'gitbook-plugin-redirect' is deprecated, and will be removed in the coming versions 
[0;33mwarn:[0m hook 'page' used by plugin 'gitbook-plugin-anchors' is deprecated, and will be removed in the coming versions 
[0;33mwarn:[0m hook 'page:before' used by plugin 'gitbook-plugin-include' is deprecated, and will be removed in the coming versions 
[0;33mwarn:[0m hook 'page:before' used by plugin 'gitbook-plugin-toc' is deprecated, and will be removed in the coming versions 
[0;33mwarn:[0m hook 'page:before' used by plugin 'gitbook-plugin-redirect' is deprecated, and will be removed in the coming versions 
[0;33mwarn:[0m hook 'page' used by plugin 'gitbook-plugin-anchors' is deprecated, and will be removed in the coming versions 
[0;33mwarn:[0m hook 'page:before' used by plugin 'gitbook-plugin-include' is deprecated, and will be removed in the coming versions 
[0;33mwarn:[0m hook 'page:before' used by plugin 'gitbook-plugin-toc' is deprecated, and will be removed in the coming versions 
[0;33mwarn:[0m hook 'page:before' used by plugin 'gitbook-plugin-redirect' is deprecated, and will be removed in the coming versions 
[0;33mwarn:[0m hook 'page' used by plugin 'gitbook-plugin-anchors' is deprecated, and will be removed in the coming versions 
[0;33mwarn:[0m hook 'page:before' used by plugin 'gitbook-plugin-include' is deprecated, and will be removed in the coming versions 
[0;33mwarn:[0m hook 'page:before' used by plugin 'gitbook-plugin-toc' is deprecated, and will be removed in the coming versions 
[0;33mwarn:[0m hook 'page:before' used by plugin 'gitbook-plugin-redirect' is deprecated, and will be removed in the coming versions 
[0;33mwarn:[0m hook 'page' used by plugin 'gitbook-plugin-anchors' is deprecated, and will be removed in the coming versions 
[0;33mwarn:[0m hook 'page:before' used by plugin 'gitbook-plugin-include' is deprecated, and will be removed in the coming versions 
[0;33mwarn:[0m hook 'page:before' used by plugin 'gitbook-plugin-toc' is deprecated, and will be removed in the coming versions 
[0;33mwarn:[0m hook 'page:before' used by plugin 'gitbook-plugin-redirect' is deprecated, and will be removed in the coming versions 
[0;33mwarn:[0m hook 'page' used by plugin 'gitbook-plugin-anchors' is deprecated, and will be removed in the coming versions 
[0;33mwarn:[0m hook 'page:before' used by plugin 'gitbook-plugin-include' is deprecated, and will be removed in the coming versions 
[0;33mwarn:[0m hook 'page:before' used by plugin 'gitbook-plugin-toc' is deprecated, and will be removed in the coming versions 
[0;33mwarn:[0m hook 'page:before' used by plugin 'gitbook-plugin-redirect' is deprecated, and will be removed in the coming versions 
[0;33mwarn:[0m hook 'page' used by plugin 'gitbook-plugin-anchors' is deprecated, and will be removed in the coming versions 
[0;33mwarn:[0m hook 'page:before' used by plugin 'gitbook-plugin-include' is deprecated, and will be removed in the coming versions 
[0;33mwarn:[0m hook 'page:before' used by plugin 'gitbook-plugin-toc' is deprecated, and will be removed in the coming versions 
[0;33mwarn:[0m hook 'page:before' used by plugin 'gitbook-plugin-redirect' is deprecated, and will be removed in the coming versions 
[0;33mwarn:[0m hook 'page' used by plugin 'gitbook-plugin-anchors' is deprecated, and will be removed in the coming versions 
[0;33mwarn:[0m hook 'page:before' used by plugin 'gitbook-plugin-include' is deprecated, and will be removed in the coming versions 
[0;33mwarn:[0m hook 'page:before' used by plugin 'gitbook-plugin-toc' is deprecated, and will be removed in the coming versions 
[0;33mwarn:[0m hook 'page:before' used by plugin 'gitbook-plugin-redirect' is deprecated, and will be removed in the coming versions 
[0;33mwarn:[0m hook 'page' used by plugin 'gitbook-plugin-anchors' is deprecated, and will be removed in the coming versions 
[0;33mwarn:[0m hook 'page:before' used by plugin 'gitbook-plugin-include' is deprecated, and will be removed in the coming versions 
[0;33mwarn:[0m hook 'page:before' used by plugin 'gitbook-plugin-toc' is deprecated, and will be removed in the coming versions 
[0;33mwarn:[0m hook 'page:before' used by plugin 'gitbook-plugin-redirect' is deprecated, and will be removed in the coming versions 
[0;33mwarn:[0m hook 'page' used by plugin 'gitbook-plugin-anchors' is deprecated, and will be removed in the coming versions 
[0;33mwarn:[0m hook 'page:before' used by plugin 'gitbook-plugin-include' is deprecated, and will be removed in the coming versions 
[0;33mwarn:[0m hook 'page:before' used by plugin 'gitbook-plugin-toc' is deprecated, and will be removed in the coming versions 
[0;33mwarn:[0m hook 'page:before' used by plugin 'gitbook-plugin-redirect' is deprecated, and will be removed in the coming versions 
[0;33mwarn:[0m hook 'page' used by plugin 'gitbook-plugin-anchors' is deprecated, and will be removed in the coming versions 
[0;33mwarn:[0m hook 'page:before' used by plugin 'gitbook-plugin-include' is deprecated, and will be removed in the coming versions 
[0;33mwarn:[0m hook 'page:before' used by plugin 'gitbook-plugin-toc' is deprecated, and will be removed in the coming versions 
[0;33mwarn:[0m hook 'page:before' used by plugin 'gitbook-plugin-redirect' is deprecated, and will be removed in the coming versions 
[0;33mwarn:[0m hook 'page' used by plugin 'gitbook-plugin-anchors' is deprecated, and will be removed in the coming versions 
[0;33mwarn:[0m hook 'page:before' used by plugin 'gitbook-plugin-include' is deprecated, and will be removed in the coming versions 
[0;33mwarn:[0m hook 'page:before' used by plugin 'gitbook-plugin-toc' is deprecated, and will be removed in the coming versions 
[0;33mwarn:[0m hook 'page:before' used by plugin 'gitbook-plugin-redirect' is deprecated, and will be removed in the coming versions 
[0;33mwarn:[0m hook 'page' used by plugin 'gitbook-plugin-anchors' is deprecated, and will be removed in the coming versions 
[0;33mwarn:[0m hook 'page:before' used by plugin 'gitbook-plugin-include' is deprecated, and will be removed in the coming versions 
[0;33mwarn:[0m hook 'page:before' used by plugin 'gitbook-plugin-toc' is deprecated, and will be removed in the coming versions 
[0;33mwarn:[0m hook 'page:before' used by plugin 'gitbook-plugin-redirect' is deprecated, and will be removed in the coming versions 
[0;33mwarn:[0m hook 'page' used by plugin 'gitbook-plugin-anchors' is deprecated, and will be removed in the coming versions 
[0;33mwarn:[0m hook 'page:before' used by plugin 'gitbook-plugin-include' is deprecated, and will be removed in the coming versions 
[0;33mwarn:[0m hook 'page:before' used by plugin 'gitbook-plugin-toc' is deprecated, and will be removed in the coming versions 
[0;33mwarn:[0m hook 'page:before' used by plugin 'gitbook-plugin-redirect' is deprecated, and will be removed in the coming versions 
[0;33mwarn:[0m hook 'page' used by plugin 'gitbook-plugin-anchors' is deprecated, and will be removed in the coming versions 
[0;33mwarn:[0m hook 'page:before' used by plugin 'gitbook-plugin-include' is deprecated, and will be removed in the coming versions 
[0;33mwarn:[0m hook 'page:before' used by plugin 'gitbook-plugin-toc' is deprecated, and will be removed in the coming versions 
[0;33mwarn:[0m hook 'page:before' used by plugin 'gitbook-plugin-redirect' is deprecated, and will be removed in the coming versions 
[0;33mwarn:[0m hook 'page' used by plugin 'gitbook-plugin-anchors' is deprecated, and will be removed in the coming versions 
[0;33mwarn:[0m hook 'page:before' used by plugin 'gitbook-plugin-include' is deprecated, and will be removed in the coming versions 
[0;33mwarn:[0m hook 'page:before' used by plugin 'gitbook-plugin-toc' is deprecated, and will be removed in the coming versions 
[0;33mwarn:[0m hook 'page:before' used by plugin 'gitbook-plugin-redirect' is deprecated, and will be removed in the coming versions 
[0;33mwarn:[0m hook 'page' used by plugin 'gitbook-plugin-anchors' is deprecated, and will be removed in the coming versions 
[0;33mwarn:[0m hook 'page:before' used by plugin 'gitbook-plugin-include' is deprecated, and will be removed in the coming versions 
[0;33mwarn:[0m hook 'page:before' used by plugin 'gitbook-plugin-toc' is deprecated, and will be removed in the coming versions 
[0;33mwarn:[0m hook 'page:before' used by plugin 'gitbook-plugin-redirect' is deprecated, and will be removed in the coming versions 
[0;33mwarn:[0m hook 'page' used by plugin 'gitbook-plugin-anchors' is deprecated, and will be removed in the coming versions 
[0;33mwarn:[0m hook 'page:before' used by plugin 'gitbook-plugin-include' is deprecated, and will be removed in the coming versions 
[0;33mwarn:[0m hook 'page:before' used by plugin 'gitbook-plugin-toc' is deprecated, and will be removed in the coming versions 
[0;33mwarn:[0m hook 'page:before' used by plugin 'gitbook-plugin-redirect' is deprecated, and will be removed in the coming versions 
[0;33mwarn:[0m hook 'page' used by plugin 'gitbook-plugin-anchors' is deprecated, and will be removed in the coming versions 
[0;33mwarn:[0m hook 'page:before' used by plugin 'gitbook-plugin-include' is deprecated, and will be removed in the coming versions 
[0;33mwarn:[0m hook 'page:before' used by plugin 'gitbook-plugin-toc' is deprecated, and will be removed in the coming versions 
[0;33mwarn:[0m hook 'page:before' used by plugin 'gitbook-plugin-redirect' is deprecated, and will be removed in the coming versions 
[0;33mwarn:[0m hook 'page' used by plugin 'gitbook-plugin-anchors' is deprecated, and will be removed in the coming versions 
[0;36minfo:[0m generation is finished 

[0;32mDone, without error[0m
npm run-script minify

> gocd-docs@1.0.0 minify /var/snap-ci/repo
> grunt

[4mRunning "cssmin:dist" (cssmin) task[24m
[32m>> [39m4 files created. 88.26 kB → 84.85 kB

[32mDone, without errors.[39m
Command [32mrake build[0m exited successfully with status 0.
Took 1 minute 12.88 seconds.

$ [32mif [ -d node_modules ]; then sudo mv -f node_modules ${SNAP_CACHE_DIR}/; sudo chown -R --no-dereference go:go ${SNAP_CACHE_DIR}/node_modules; fi[0m
Command [32mif [ -d node_modules ]; then sudo mv -f node_modules ${SNAP_CACHE_DIR}/; sudo chown -R --no-dereference go:go ${SNAP_CACHE_DIR}/node_modules; fi[0m exited successfully with status 0.
Took 0.0493 seconds.

Saving console log for later
